c:\users\famil\desktop\mistframework\platform\project\windows\mistframework\debug\vc140.pdb
c:\users\famil\desktop\mistframework\platform\project\windows\mistframework\debug\vc140.idb
c:\users\famil\desktop\mistframework\platform\project\windows\mistframework\debug\errortests.obj
c:\users\famil\desktop\mistframework\platform\project\windows\mistframework\debug\main.obj
c:\users\famil\desktop\mistframework\platform\project\windows\mistframework\debug\applicationtest.obj
c:\users\famil\desktop\mistframework\platform\library\debug\mistframework.ilk
c:\users\famil\desktop\mistframework\platform\library\debug\mistframework.exe
c:\users\famil\desktop\mistframework\platform\library\debug\mistframework.pdb
c:\users\famil\desktop\mistframework\platform\library\debug\mistframework.lib
c:\users\famil\desktop\mistframework\platform\library\debug\mistframework.exp
c:\users\famil\desktop\mistframework\platform\project\windows\..\..\library\debug\mistframework.pdb
c:\users\famil\desktop\mistframework\platform\project\windows\..\..\library\debug\mistframework.exe
c:\users\famil\desktop\mistframework\platform\project\windows\..\..\library\debug\mistframework.ilk
c:\users\famil\desktop\mistframework\platform\project\windows\mistframework\debug\mistframework.tlog\cl.command.1.tlog
c:\users\famil\desktop\mistframework\platform\project\windows\mistframework\debug\mistframework.tlog\cl.read.1.tlog
c:\users\famil\desktop\mistframework\platform\project\windows\mistframework\debug\mistframework.tlog\cl.write.1.tlog
c:\users\famil\desktop\mistframework\platform\project\windows\mistframework\debug\mistframework.tlog\link.command.1.tlog
c:\users\famil\desktop\mistframework\platform\project\windows\mistframework\debug\mistframework.tlog\link.read.1.tlog
c:\users\famil\desktop\mistframework\platform\project\windows\mistframework\debug\mistframework.tlog\link.write.1.tlog
c:\users\famil\desktop\mistframework\platform\project\windows\mistframework\debug\mistframework.tlog\mistframework.write.1u.tlog
