c:\users\famil\desktop\mistframework\platform\project\windows\dynamiclibrary\debug\vc140.pdb
c:\users\famil\desktop\mistframework\platform\project\windows\dynamiclibrary\debug\vc140.idb
c:\users\famil\desktop\mistframework\platform\project\windows\dynamiclibrary\debug\windowsdynamiclibrary.obj
c:\users\famil\desktop\mistframework\platform\project\windows\dynamiclibrary\debug\dynamiclibrary.obj
c:\users\famil\desktop\mistframework\platform\project\windows\dynamiclibrary\debug\dynamiclibrary.pdb
c:\users\famil\desktop\mistframework\platform\project\windows\dynamiclibrary\debug\main.obj
c:\users\famil\desktop\mistframework\platform\project\windows\dynamiclibrary\debug\platformdynamiclibraryextensions.obj
c:\users\famil\desktop\mistframework\platform\project\windows\dynamiclibrary\debug\dynamiclibrary.idb
c:\users\famil\desktop\mistframework\platform\project\windows\debug\dynamiclibrary.lib
c:\users\famil\desktop\mistframework\platform\project\windows\debug\dynamiclibrary.exp
c:\users\famil\desktop\mistframework\platform\project\windows\debug\dynamiclibrary.ilk
c:\users\famil\desktop\mistframework\platform\project\windows\debug\dynamiclibrary.exe
c:\users\famil\desktop\mistframework\platform\project\windows\debug\dynamiclibrary.pdb
c:\users\famil\desktop\mistframework\platform\project\windows\dynamiclibrary\debug\dynamiclibrary.tlog\cl.command.1.tlog
c:\users\famil\desktop\mistframework\platform\project\windows\dynamiclibrary\debug\dynamiclibrary.tlog\cl.read.1.tlog
c:\users\famil\desktop\mistframework\platform\project\windows\dynamiclibrary\debug\dynamiclibrary.tlog\cl.write.1.tlog
c:\users\famil\desktop\mistframework\platform\project\windows\dynamiclibrary\debug\dynamiclibrary.tlog\dynamiclibrary.write.1u.tlog
c:\users\famil\desktop\mistframework\platform\project\windows\dynamiclibrary\debug\dynamiclibrary.tlog\lib-link.read.1.tlog
c:\users\famil\desktop\mistframework\platform\project\windows\dynamiclibrary\debug\dynamiclibrary.tlog\lib-link.write.1.tlog
c:\users\famil\desktop\mistframework\platform\project\windows\dynamiclibrary\debug\dynamiclibrary.tlog\lib.command.1.tlog
c:\users\famil\desktop\mistframework\platform\project\windows\dynamiclibrary\debug\dynamiclibrary.tlog\link.command.1.tlog
c:\users\famil\desktop\mistframework\platform\project\windows\dynamiclibrary\debug\dynamiclibrary.tlog\link.read.1.tlog
c:\users\famil\desktop\mistframework\platform\project\windows\dynamiclibrary\debug\dynamiclibrary.tlog\link.write.1.tlog
