c:\users\famil\desktop\mistframework\platform\library\debug\application.lib
c:\users\famil\desktop\mistframework\platform\library\debug\application.exp
c:\users\famil\desktop\mistframework\platform\project\windows\appentry\debug\vc140.pdb
c:\users\famil\desktop\mistframework\platform\project\windows\appentry\debug\vc140.idb
c:\users\famil\desktop\mistframework\platform\project\windows\appentry\debug\application.obj
c:\users\famil\desktop\mistframework\platform\project\windows\appentry\debug\main.obj
c:\users\famil\desktop\mistframework\platform\project\windows\appentry\debug\application.pdb
c:\users\famil\desktop\mistframework\platform\project\windows\appentry\debug\application.idb
c:\users\famil\desktop\mistframework\platform\project\windows\..\..\library\debug\application.pdb
c:\users\famil\desktop\mistframework\platform\project\windows\..\..\library\debug\application.lib
c:\users\famil\desktop\mistframework\platform\project\windows\appentry\debug\application.tlog\application.write.1u.tlog
c:\users\famil\desktop\mistframework\platform\project\windows\appentry\debug\application.tlog\cl.command.1.tlog
c:\users\famil\desktop\mistframework\platform\project\windows\appentry\debug\application.tlog\cl.read.1.tlog
c:\users\famil\desktop\mistframework\platform\project\windows\appentry\debug\application.tlog\cl.write.1.tlog
c:\users\famil\desktop\mistframework\platform\project\windows\appentry\debug\application.tlog\lib-link.read.1.tlog
c:\users\famil\desktop\mistframework\platform\project\windows\appentry\debug\application.tlog\lib-link.write.1.tlog
c:\users\famil\desktop\mistframework\platform\project\windows\appentry\debug\application.tlog\lib.command.1.tlog
c:\users\famil\desktop\mistframework\platform\project\windows\appentry\debug\application.tlog\link.12352-cvtres.read.1.tlog
c:\users\famil\desktop\mistframework\platform\project\windows\appentry\debug\application.tlog\link.12352-cvtres.write.1.tlog
c:\users\famil\desktop\mistframework\platform\project\windows\appentry\debug\application.tlog\link.12352-rc.read.1.tlog
c:\users\famil\desktop\mistframework\platform\project\windows\appentry\debug\application.tlog\link.12352-rc.write.1.tlog
c:\users\famil\desktop\mistframework\platform\project\windows\appentry\debug\application.tlog\link.12352.read.1.tlog
c:\users\famil\desktop\mistframework\platform\project\windows\appentry\debug\application.tlog\link.12352.write.1.tlog
c:\users\famil\desktop\mistframework\platform\project\windows\appentry\debug\application.tlog\link.command.1.tlog
c:\users\famil\desktop\mistframework\platform\project\windows\appentry\debug\application.tlog\link.read.1.tlog
c:\users\famil\desktop\mistframework\platform\project\windows\appentry\debug\application.tlog\link.write.1.tlog
