c:\users\famil\desktop\mistframework\platform\project\windows\string\debug\vc140.pdb
c:\users\famil\desktop\mistframework\platform\project\windows\string\debug\vc140.idb
c:\users\famil\desktop\mistframework\platform\project\windows\string\debug\string.obj
c:\users\famil\desktop\mistframework\platform\project\windows\string\debug\main.obj
c:\users\famil\desktop\mistframework\platform\project\windows\string\debug\string.pdb
c:\users\famil\desktop\mistframework\platform\project\windows\string\debug\string.idb
c:\users\famil\desktop\mistframework\platform\library\debug\string.lib
c:\users\famil\desktop\mistframework\platform\library\debug\string.ilk
c:\users\famil\desktop\mistframework\platform\library\debug\string.dll
c:\users\famil\desktop\mistframework\platform\library\debug\string.pdb
c:\users\famil\desktop\mistframework\platform\library\debug\string.exp
c:\users\famil\desktop\mistframework\platform\project\windows\..\..\library\debug\string.pdb
c:\users\famil\desktop\mistframework\platform\project\windows\..\..\library\debug\string.lib
c:\users\famil\desktop\mistframework\platform\project\windows\..\..\library\debug\string.ilk
c:\users\famil\desktop\mistframework\platform\project\windows\string\debug\string.tlog\cl.command.1.tlog
c:\users\famil\desktop\mistframework\platform\project\windows\string\debug\string.tlog\cl.read.1.tlog
c:\users\famil\desktop\mistframework\platform\project\windows\string\debug\string.tlog\cl.write.1.tlog
c:\users\famil\desktop\mistframework\platform\project\windows\string\debug\string.tlog\lib-link.read.1.tlog
c:\users\famil\desktop\mistframework\platform\project\windows\string\debug\string.tlog\lib-link.write.1.tlog
c:\users\famil\desktop\mistframework\platform\project\windows\string\debug\string.tlog\lib.command.1.tlog
c:\users\famil\desktop\mistframework\platform\project\windows\string\debug\string.tlog\link.command.1.tlog
c:\users\famil\desktop\mistframework\platform\project\windows\string\debug\string.tlog\link.read.1.tlog
c:\users\famil\desktop\mistframework\platform\project\windows\string\debug\string.tlog\link.write.1.tlog
c:\users\famil\desktop\mistframework\platform\project\windows\string\debug\string.tlog\string.write.1u.tlog
